2018-03-19 11:12:05.945 INFO  com.http.server.Server - 服务器已启动，端口号：8089
2018-03-19 11:12:21.029 INFO  com.http.handler.RequestHandler - 收到请求：
GET /html/welcome.html HTTP/1.1
Host: localhost:8089
Connection: keep-alive
Upgrade-Insecure-Requests: 1
User-Agent: Mozilla/5.0 (Windows NT 10.0; WOW64) AppleWebKit/537.36 (KHTML, like Gecko) Chrome/66.0.3350.0 Safari/537.36
Accept: text/html,application/xhtml+xml,application/xml;q=0.9,image/webp,image/apng,*/*;q=0.8
Accept-Encoding: gzip, deflate, br
Accept-Language: zh-CN,zh;q=0.9
Cookie: optimizelyEndUserId=oeu1506216020008r0.4545054078398614; _ga=GA1.1.1180129065.1489919936; Idea-7e4347d7=ed0e733b-8015-414b-bc82-8ac72402bfe1


请求结束
2018-03-19 11:12:21.191 INFO  com.http.handler.RequestHandler - 得到了uri /html/welcome.html
2018-03-19 11:12:21.250 INFO  com.http.handler.ClassMapper - 成功添加了URI： /helloworld到servlet： HelloWorld的映射
2018-03-19 11:12:21.323 INFO  com.http.handler.RequestHandler - 收到请求：
GET /2.jpg HTTP/1.1
Host: localhost:8089
Connection: keep-alive
User-Agent: Mozilla/5.0 (Windows NT 10.0; WOW64) AppleWebKit/537.36 (KHTML, like Gecko) Chrome/66.0.3350.0 Safari/537.36
Accept: image/webp,image/apng,image/*,*/*;q=0.8
Referer: http://localhost:8089/html/welcome.html
Accept-Encoding: gzip, deflate, br
Accept-Language: zh-CN,zh;q=0.9
Cookie: optimizelyEndUserId=oeu1506216020008r0.4545054078398614; _ga=GA1.1.1180129065.1489919936; Idea-7e4347d7=ed0e733b-8015-414b-bc82-8ac72402bfe1


请求结束
2018-03-19 11:12:21.339 INFO  com.http.handler.RequestHandler - 得到了uri /2.jpg
2018-03-19 11:12:21.341 INFO  com.http.handler.RequestHandler - 收到请求：
GET /picture/1.jpg HTTP/1.1
Host: localhost:8089
Connection: keep-alive
User-Agent: Mozilla/5.0 (Windows NT 10.0; WOW64) AppleWebKit/537.36 (KHTML, like Gecko) Chrome/66.0.3350.0 Safari/537.36
Accept: image/webp,image/apng,image/*,*/*;q=0.8
Referer: http://localhost:8089/html/welcome.html
Accept-Encoding: gzip, deflate, br
Accept-Language: zh-CN,zh;q=0.9
Cookie: optimizelyEndUserId=oeu1506216020008r0.4545054078398614; _ga=GA1.1.1180129065.1489919936; Idea-7e4347d7=ed0e733b-8015-414b-bc82-8ac72402bfe1


请求结束
2018-03-19 11:12:21.346 INFO  com.http.handler.RequestHandler - 得到了uri /picture/1.jpg
2018-03-19 11:12:21.531 INFO  com.http.handler.RequestHandler - 收到请求：
GET /favicon.ico HTTP/1.1
Host: localhost:8089
Connection: keep-alive
User-Agent: Mozilla/5.0 (Windows NT 10.0; WOW64) AppleWebKit/537.36 (KHTML, like Gecko) Chrome/66.0.3350.0 Safari/537.36
Accept: image/webp,image/apng,image/*,*/*;q=0.8
Referer: http://localhost:8089/html/welcome.html
Accept-Encoding: gzip, deflate, br
Accept-Language: zh-CN,zh;q=0.9
Cookie: optimizelyEndUserId=oeu1506216020008r0.4545054078398614; _ga=GA1.1.1180129065.1489919936; Idea-7e4347d7=ed0e733b-8015-414b-bc82-8ac72402bfe1


请求结束
2018-03-19 11:12:21.535 INFO  com.http.handler.RequestHandler - 得到了uri /favicon.ico
2018-03-19 11:12:21.550 INFO  com.http.handler.RequestHandler - 静态资源:webapps/favicon.ico不存在或不是有效文件，显示404
2018-03-19 11:13:46.946 INFO  com.http.handler.RequestHandler - 收到请求：
GET //helloworld HTTP/1.1
Host: localhost:8089
Connection: keep-alive
Upgrade-Insecure-Requests: 1
User-Agent: Mozilla/5.0 (Windows NT 10.0; WOW64) AppleWebKit/537.36 (KHTML, like Gecko) Chrome/66.0.3350.0 Safari/537.36
Accept: text/html,application/xhtml+xml,application/xml;q=0.9,image/webp,image/apng,*/*;q=0.8
Accept-Encoding: gzip, deflate, br
Accept-Language: zh-CN,zh;q=0.9
Cookie: optimizelyEndUserId=oeu1506216020008r0.4545054078398614; _ga=GA1.1.1180129065.1489919936; Idea-7e4347d7=ed0e733b-8015-414b-bc82-8ac72402bfe1


请求结束
2018-03-19 11:13:46.958 INFO  com.http.handler.RequestHandler - 得到了uri //helloworld
2018-03-19 11:13:46.962 INFO  com.http.handler.RequestHandler - 静态资源:webapps//helloworld不存在或不是有效文件，显示404
2018-03-19 11:15:48.546 INFO  com.http.handler.RequestHandler - 收到请求：
GET /helloworld HTTP/1.1
Host: localhost:8089
Connection: keep-alive
Upgrade-Insecure-Requests: 1
User-Agent: Mozilla/5.0 (Windows NT 10.0; WOW64) AppleWebKit/537.36 (KHTML, like Gecko) Chrome/66.0.3350.0 Safari/537.36
Accept: text/html,application/xhtml+xml,application/xml;q=0.9,image/webp,image/apng,*/*;q=0.8
Accept-Encoding: gzip, deflate, br
Accept-Language: zh-CN,zh;q=0.9
Cookie: optimizelyEndUserId=oeu1506216020008r0.4545054078398614; _ga=GA1.1.1180129065.1489919936; Idea-7e4347d7=ed0e733b-8015-414b-bc82-8ac72402bfe1


请求结束
2018-03-19 11:15:48.552 INFO  com.http.handler.RequestHandler - 收到请求：
GET /helloworld HTTP/1.1
Host: localhost:8089
Connection: keep-alive
Upgrade-Insecure-Requests: 1
User-Agent: Mozilla/5.0 (Windows NT 10.0; WOW64) AppleWebKit/537.36 (KHTML, like Gecko) Chrome/66.0.3350.0 Safari/537.36
Accept: text/html,application/xhtml+xml,application/xml;q=0.9,image/webp,image/apng,*/*;q=0.8
Accept-Encoding: gzip, deflate, br
Accept-Language: zh-CN,zh;q=0.9
Cookie: optimizelyEndUserId=oeu1506216020008r0.4545054078398614; _ga=GA1.1.1180129065.1489919936; Idea-7e4347d7=ed0e733b-8015-414b-bc82-8ac72402bfe1


请求结束
2018-03-19 11:15:48.564 INFO  com.http.handler.RequestHandler - 收到请求：
GET /helloworld HTTP/1.1
Host: localhost:8089
Connection: keep-alive
Upgrade-Insecure-Requests: 1
User-Agent: Mozilla/5.0 (Windows NT 10.0; WOW64) AppleWebKit/537.36 (KHTML, like Gecko) Chrome/66.0.3350.0 Safari/537.36
Accept: text/html,application/xhtml+xml,application/xml;q=0.9,image/webp,image/apng,*/*;q=0.8
Accept-Encoding: gzip, deflate, br
Accept-Language: zh-CN,zh;q=0.9
Cookie: optimizelyEndUserId=oeu1506216020008r0.4545054078398614; _ga=GA1.1.1180129065.1489919936; Idea-7e4347d7=ed0e733b-8015-414b-bc82-8ac72402bfe1


请求结束
2018-03-19 11:15:48.580 INFO  com.http.handler.RequestHandler - 收到请求：
GET //helloworld HTTP/1.1
Host: localhost:8089
Connection: keep-alive
Cache-Control: max-age=0
Upgrade-Insecure-Requests: 1
User-Agent: Mozilla/5.0 (Windows NT 10.0; WOW64) AppleWebKit/537.36 (KHTML, like Gecko) Chrome/66.0.3350.0 Safari/537.36
Accept: text/html,application/xhtml+xml,application/xml;q=0.9,image/webp,image/apng,*/*;q=0.8
Accept-Encoding: gzip, deflate, br
Accept-Language: zh-CN,zh;q=0.9
Cookie: optimizelyEndUserId=oeu1506216020008r0.4545054078398614; _ga=GA1.1.1180129065.1489919936; Idea-7e4347d7=ed0e733b-8015-414b-bc82-8ac72402bfe1


请求结束
2018-03-19 11:15:48.589 INFO  com.http.handler.RequestHandler - 收到请求：
GET //helloworld HTTP/1.1
Host: localhost:8089
Connection: keep-alive
Cache-Control: max-age=0
Upgrade-Insecure-Requests: 1
User-Agent: Mozilla/5.0 (Windows NT 10.0; WOW64) AppleWebKit/537.36 (KHTML, like Gecko) Chrome/66.0.3350.0 Safari/537.36
Accept: text/html,application/xhtml+xml,application/xml;q=0.9,image/webp,image/apng,*/*;q=0.8
Accept-Encoding: gzip, deflate, br
Accept-Language: zh-CN,zh;q=0.9
Cookie: optimizelyEndUserId=oeu1506216020008r0.4545054078398614; _ga=GA1.1.1180129065.1489919936; Idea-7e4347d7=ed0e733b-8015-414b-bc82-8ac72402bfe1


请求结束
2018-03-19 11:15:48.645 INFO  com.http.handler.RequestHandler - 得到了uri /helloworld
2018-03-19 11:15:48.653 INFO  com.http.handler.RequestHandler - 得到了uri /helloworld
2018-03-19 11:15:48.656 INFO  com.http.handler.RequestHandler - 得到了uri /helloworld
2018-03-19 11:15:48.659 INFO  com.http.handler.RequestHandler - 得到了uri //helloworld
2018-03-19 11:15:48.663 INFO  com.http.handler.RequestHandler - 得到了uri //helloworld
2018-03-19 11:15:48.705 INFO  com.http.handler.RequestHandler - 静态资源:webapps//helloworld不存在或不是有效文件，显示404
2018-03-19 11:15:48.707 INFO  com.http.handler.RequestHandler - 静态资源:webapps//helloworld不存在或不是有效文件，显示404
2018-03-19 11:15:48.741 INFO  com.http.ServletProxy - servlet响应已写出
2018-03-19 11:15:48.741 INFO  com.http.ServletProxy - servlet响应已写出
2018-03-19 11:15:48.756 INFO  com.http.ServletProxy - servlet响应已写出
2018-03-19 11:15:59.914 INFO  com.http.server.Server - 服务器已启动，端口号：8089
2018-03-19 11:16:03.753 INFO  com.http.handler.RequestHandler - 收到请求：
GET /helloworld HTTP/1.1
Host: localhost:8089
Connection: keep-alive
Cache-Control: max-age=0
Upgrade-Insecure-Requests: 1
User-Agent: Mozilla/5.0 (Windows NT 10.0; WOW64) AppleWebKit/537.36 (KHTML, like Gecko) Chrome/66.0.3350.0 Safari/537.36
Accept: text/html,application/xhtml+xml,application/xml;q=0.9,image/webp,image/apng,*/*;q=0.8
Accept-Encoding: gzip, deflate, br
Accept-Language: zh-CN,zh;q=0.9
Cookie: optimizelyEndUserId=oeu1506216020008r0.4545054078398614; _ga=GA1.1.1180129065.1489919936; Idea-7e4347d7=ed0e733b-8015-414b-bc82-8ac72402bfe1


请求结束
2018-03-19 11:16:03.785 INFO  com.http.handler.RequestHandler - 得到了uri /helloworld
2018-03-19 11:16:03.815 INFO  com.http.handler.ClassMapper - 成功添加了URI： /helloworld到servlet： HelloWorld的映射
2018-03-19 11:16:03.854 INFO  com.http.ServletProxy - servlet响应已写出
2018-03-19 11:20:47.957 INFO  com.http.server.Server - 服务器已启动，端口号：8089
2018-03-19 11:20:49.828 INFO  com.http.handler.RequestHandler - 收到请求：
GET //helloworld HTTP/1.1
Host: localhost:8089
Connection: keep-alive
Cache-Control: max-age=0
Upgrade-Insecure-Requests: 1
User-Agent: Mozilla/5.0 (Windows NT 10.0; WOW64) AppleWebKit/537.36 (KHTML, like Gecko) Chrome/66.0.3350.0 Safari/537.36
Accept: text/html,application/xhtml+xml,application/xml;q=0.9,image/webp,image/apng,*/*;q=0.8
Accept-Encoding: gzip, deflate, br
Accept-Language: zh-CN,zh;q=0.9
Cookie: optimizelyEndUserId=oeu1506216020008r0.4545054078398614; _ga=GA1.1.1180129065.1489919936; Idea-7e4347d7=ed0e733b-8015-414b-bc82-8ac72402bfe1


请求结束
2018-03-19 11:20:49.864 INFO  com.http.handler.RequestHandler - 得到了uri //helloworld
2018-03-19 11:20:49.889 INFO  com.http.handler.ClassMapper - 成功添加了URI： /helloworld到servlet： HelloWorld的映射
2018-03-19 11:20:49.920 INFO  com.http.handler.RequestHandler - 静态资源:webapps//helloworld不存在或不是有效文件，显示404
2018-03-19 11:20:58.669 INFO  com.http.handler.RequestHandler - 收到请求：
GET //helloworld HTTP/1.1
Host: localhost:8089
Connection: keep-alive
Cache-Control: max-age=0
Upgrade-Insecure-Requests: 1
User-Agent: Mozilla/5.0 (Windows NT 10.0; WOW64) AppleWebKit/537.36 (KHTML, like Gecko) Chrome/66.0.3350.0 Safari/537.36
Accept: text/html,application/xhtml+xml,application/xml;q=0.9,image/webp,image/apng,*/*;q=0.8
Accept-Encoding: gzip, deflate, br
Accept-Language: zh-CN,zh;q=0.9
Cookie: optimizelyEndUserId=oeu1506216020008r0.4545054078398614; _ga=GA1.1.1180129065.1489919936; Idea-7e4347d7=ed0e733b-8015-414b-bc82-8ac72402bfe1


请求结束
2018-03-19 11:20:58.673 INFO  com.http.handler.RequestHandler - 得到了uri //helloworld
2018-03-19 11:20:58.682 INFO  com.http.handler.RequestHandler - 静态资源:webapps//helloworld不存在或不是有效文件，显示404
2018-03-19 11:21:03.578 INFO  com.http.handler.RequestHandler - 收到请求：
GET /helloworld HTTP/1.1
Host: localhost:8089
Connection: keep-alive
Upgrade-Insecure-Requests: 1
User-Agent: Mozilla/5.0 (Windows NT 10.0; WOW64) AppleWebKit/537.36 (KHTML, like Gecko) Chrome/66.0.3350.0 Safari/537.36
Accept: text/html,application/xhtml+xml,application/xml;q=0.9,image/webp,image/apng,*/*;q=0.8
Accept-Encoding: gzip, deflate, br
Accept-Language: zh-CN,zh;q=0.9
Cookie: optimizelyEndUserId=oeu1506216020008r0.4545054078398614; _ga=GA1.1.1180129065.1489919936; Idea-7e4347d7=ed0e733b-8015-414b-bc82-8ac72402bfe1


请求结束
2018-03-19 11:21:03.581 INFO  com.http.handler.RequestHandler - 得到了uri /helloworld
2018-03-19 11:21:03.597 INFO  com.http.ServletProxy - servlet响应已写出
2018-03-19 16:40:00.032 INFO  com.http.server.Server - 服务器已启动，端口号：8089
2018-03-19 16:40:12.055 INFO  com.http.handler.RequestHandler - 收到请求：
GET /helloworld HTTP/1.1
Host: localhost:8089
Connection: keep-alive
Upgrade-Insecure-Requests: 1
User-Agent: Mozilla/5.0 (Windows NT 10.0; WOW64) AppleWebKit/537.36 (KHTML, like Gecko) Chrome/66.0.3350.0 Safari/537.36
Accept: text/html,application/xhtml+xml,application/xml;q=0.9,image/webp,image/apng,*/*;q=0.8
Accept-Encoding: gzip, deflate, br
Accept-Language: zh-CN,zh;q=0.9
Cookie: optimizelyEndUserId=oeu1506216020008r0.4545054078398614; _ga=GA1.1.1180129065.1489919936; Idea-7e4347d7=ed0e733b-8015-414b-bc82-8ac72402bfe1


请求结束
2018-03-19 16:40:12.128 INFO  com.http.handler.RequestHandler - 得到了uri /helloworld
2018-03-19 16:40:12.192 INFO  com.http.handler.ClassMapper - 成功添加了URI： /helloworld到servlet： HelloWorld的映射
2018-03-19 16:40:12.217 INFO  com.http.ServletProxy - servlet响应已写出
2018-03-19 16:40:12.273 INFO  com.http.handler.RequestHandler - 收到请求：
GET /favicon.ico HTTP/1.1
Host: localhost:8089
Connection: keep-alive
User-Agent: Mozilla/5.0 (Windows NT 10.0; WOW64) AppleWebKit/537.36 (KHTML, like Gecko) Chrome/66.0.3350.0 Safari/537.36
Accept: image/webp,image/apng,image/*,*/*;q=0.8
Referer: http://localhost:8089/helloworld
Accept-Encoding: gzip, deflate, br
Accept-Language: zh-CN,zh;q=0.9
Cookie: optimizelyEndUserId=oeu1506216020008r0.4545054078398614; _ga=GA1.1.1180129065.1489919936; Idea-7e4347d7=ed0e733b-8015-414b-bc82-8ac72402bfe1


请求结束
2018-03-19 16:40:12.281 INFO  com.http.handler.RequestHandler - 得到了uri /favicon.ico
2018-03-19 16:40:12.294 INFO  com.http.handler.RequestHandler - 静态资源:webapps/favicon.ico不存在或不是有效文件，显示404
2018-03-19 16:40:25.050 INFO  com.http.handler.RequestHandler - 收到请求：
GET /welcome.html HTTP/1.1
Host: localhost:8089
Connection: keep-alive
Upgrade-Insecure-Requests: 1
User-Agent: Mozilla/5.0 (Windows NT 10.0; WOW64) AppleWebKit/537.36 (KHTML, like Gecko) Chrome/66.0.3350.0 Safari/537.36
Accept: text/html,application/xhtml+xml,application/xml;q=0.9,image/webp,image/apng,*/*;q=0.8
Accept-Encoding: gzip, deflate, br
Accept-Language: zh-CN,zh;q=0.9
Cookie: optimizelyEndUserId=oeu1506216020008r0.4545054078398614; _ga=GA1.1.1180129065.1489919936; Idea-7e4347d7=ed0e733b-8015-414b-bc82-8ac72402bfe1


请求结束
2018-03-19 16:40:25.057 INFO  com.http.handler.RequestHandler - 得到了uri /welcome.html
2018-03-19 16:40:43.769 INFO  com.http.handler.RequestHandler - 收到请求：
GET /welcome.html HTTP/1.1
Host: localhost:8089
Connection: keep-alive
Cache-Control: max-age=0
Upgrade-Insecure-Requests: 1
User-Agent: Mozilla/5.0 (Windows NT 10.0; WOW64) AppleWebKit/537.36 (KHTML, like Gecko) Chrome/66.0.3350.0 Safari/537.36
Accept: text/html,application/xhtml+xml,application/xml;q=0.9,image/webp,image/apng,*/*;q=0.8
Accept-Encoding: gzip, deflate, br
Accept-Language: zh-CN,zh;q=0.9
Cookie: optimizelyEndUserId=oeu1506216020008r0.4545054078398614; _ga=GA1.1.1180129065.1489919936; Idea-7e4347d7=ed0e733b-8015-414b-bc82-8ac72402bfe1


请求结束
2018-03-19 16:40:43.776 INFO  com.http.handler.RequestHandler - 得到了uri /welcome.html
2018-03-19 16:41:08.261 INFO  com.http.handler.RequestHandler - 收到请求：
GET /welcome.html HTTP/1.1
Host: localhost:8089
Connection: keep-alive
Cache-Control: max-age=0
Upgrade-Insecure-Requests: 1
User-Agent: Mozilla/5.0 (Windows NT 10.0; WOW64) AppleWebKit/537.36 (KHTML, like Gecko) Chrome/66.0.3350.0 Safari/537.36
Accept: text/html,application/xhtml+xml,application/xml;q=0.9,image/webp,image/apng,*/*;q=0.8
Accept-Encoding: gzip, deflate, br
Accept-Language: zh-CN,zh;q=0.9
Cookie: optimizelyEndUserId=oeu1506216020008r0.4545054078398614; _ga=GA1.1.1180129065.1489919936; Idea-7e4347d7=ed0e733b-8015-414b-bc82-8ac72402bfe1


请求结束
2018-03-19 16:41:08.269 INFO  com.http.handler.RequestHandler - 得到了uri /welcome.html
2018-03-19 16:42:15.103 INFO  com.http.handler.RequestHandler - 收到请求：
GET /welcome.html HTTP/1.1
Host: localhost:8089
Connection: keep-alive
Cache-Control: max-age=0
Upgrade-Insecure-Requests: 1
User-Agent: Mozilla/5.0 (Windows NT 10.0; WOW64) AppleWebKit/537.36 (KHTML, like Gecko) Chrome/66.0.3350.0 Safari/537.36
Accept: text/html,application/xhtml+xml,application/xml;q=0.9,image/webp,image/apng,*/*;q=0.8
Accept-Encoding: gzip, deflate, br
Accept-Language: zh-CN,zh;q=0.9
Cookie: optimizelyEndUserId=oeu1506216020008r0.4545054078398614; _ga=GA1.1.1180129065.1489919936; Idea-7e4347d7=ed0e733b-8015-414b-bc82-8ac72402bfe1


请求结束
2018-03-19 16:42:15.108 INFO  com.http.handler.RequestHandler - 得到了uri /welcome.html
2018-03-19 16:46:47.034 INFO  com.http.server.Server - 服务器已启动，端口号：8089
2018-03-19 16:46:55.390 INFO  com.http.handler.RequestHandler - 收到请求：
GET /welcome.html HTTP/1.1
Host: localhost:8089
Connection: keep-alive
Cache-Control: max-age=0
Upgrade-Insecure-Requests: 1
User-Agent: Mozilla/5.0 (Windows NT 10.0; WOW64) AppleWebKit/537.36 (KHTML, like Gecko) Chrome/66.0.3350.0 Safari/537.36
Accept: text/html,application/xhtml+xml,application/xml;q=0.9,image/webp,image/apng,*/*;q=0.8
Accept-Encoding: gzip, deflate, br
Accept-Language: zh-CN,zh;q=0.9
Cookie: optimizelyEndUserId=oeu1506216020008r0.4545054078398614; _ga=GA1.1.1180129065.1489919936; Idea-7e4347d7=ed0e733b-8015-414b-bc82-8ac72402bfe1


请求结束
2018-03-19 16:46:55.426 INFO  com.http.handler.RequestHandler - 得到了uri /welcome.html
2018-03-19 16:46:55.455 INFO  com.http.handler.ClassMapper - 成功添加了URI： /helloworld到servlet： HelloWorld的映射
2018-03-19 16:46:55.502 INFO  com.http.handler.RequestHandler - 收到请求：
GET /img/testimg.jpg HTTP/1.1
Host: localhost:8089
Connection: keep-alive
User-Agent: Mozilla/5.0 (Windows NT 10.0; WOW64) AppleWebKit/537.36 (KHTML, like Gecko) Chrome/66.0.3350.0 Safari/537.36
Accept: image/webp,image/apng,image/*,*/*;q=0.8
Referer: http://localhost:8089/welcome.html
Accept-Encoding: gzip, deflate, br
Accept-Language: zh-CN,zh;q=0.9
Cookie: optimizelyEndUserId=oeu1506216020008r0.4545054078398614; _ga=GA1.1.1180129065.1489919936; Idea-7e4347d7=ed0e733b-8015-414b-bc82-8ac72402bfe1


请求结束
2018-03-19 16:46:55.513 INFO  com.http.handler.RequestHandler - 得到了uri /img/testimg.jpg
