2018-03-13 13:58:20.385 INFO  com.http.server.Server - 服务器已启动，端口号：8089
2018-03-13 13:58:25.897 INFO  com.http.handler.RequestHandler - 收到请求：
GET /html/welcome.html HTTP/1.1
Host: localhost:8089
Connection: keep-alive
Cache-Control: max-age=0
Upgrade-Insecure-Requests: 1
User-Agent: Mozilla/5.0 (Windows NT 10.0; WOW64) AppleWebKit/537.36 (KHTML, like Gecko) Chrome/66.0.3350.0 Safari/537.36
Accept: text/html,application/xhtml+xml,application/xml;q=0.9,image/webp,image/apng,*/*;q=0.8
Accept-Encoding: gzip, deflate, br
Accept-Language: zh-CN,zh;q=0.9
Cookie: optimizelyEndUserId=oeu1506216020008r0.4545054078398614; _ga=GA1.1.1180129065.1489919936; Idea-7e4347d7=ed0e733b-8015-414b-bc82-8ac72402bfe1


请求结束
2018-03-13 13:58:26.044 INFO  com.http.handler.RequestHandler - 得到了uri /html/welcome.html
2018-03-13 13:58:26.109 INFO  com.http.handler.ClassMapper - 成功添加了URI： /helloworld到servlet： HelloWorld的映射
2018-03-13 13:58:26.165 INFO  com.http.handler.RequestHandler - 收到请求：
GET /picture/1.jpg HTTP/1.1
Host: localhost:8089
Connection: keep-alive
User-Agent: Mozilla/5.0 (Windows NT 10.0; WOW64) AppleWebKit/537.36 (KHTML, like Gecko) Chrome/66.0.3350.0 Safari/537.36
Accept: image/webp,image/apng,image/*,*/*;q=0.8
Referer: http://localhost:8089/html/welcome.html
Accept-Encoding: gzip, deflate, br
Accept-Language: zh-CN,zh;q=0.9
Cookie: optimizelyEndUserId=oeu1506216020008r0.4545054078398614; _ga=GA1.1.1180129065.1489919936; Idea-7e4347d7=ed0e733b-8015-414b-bc82-8ac72402bfe1


请求结束
2018-03-13 13:58:26.170 INFO  com.http.handler.RequestHandler - 得到了uri /picture/1.jpg
2018-03-13 13:58:26.183 INFO  com.http.handler.RequestHandler - 收到请求：
GET /2.jpg HTTP/1.1
Host: localhost:8089
Connection: keep-alive
User-Agent: Mozilla/5.0 (Windows NT 10.0; WOW64) AppleWebKit/537.36 (KHTML, like Gecko) Chrome/66.0.3350.0 Safari/537.36
Accept: image/webp,image/apng,image/*,*/*;q=0.8
Referer: http://localhost:8089/html/welcome.html
Accept-Encoding: gzip, deflate, br
Accept-Language: zh-CN,zh;q=0.9
Cookie: optimizelyEndUserId=oeu1506216020008r0.4545054078398614; _ga=GA1.1.1180129065.1489919936; Idea-7e4347d7=ed0e733b-8015-414b-bc82-8ac72402bfe1


请求结束
2018-03-13 13:58:26.186 INFO  com.http.handler.RequestHandler - 得到了uri /2.jpg
2018-03-13 13:58:26.329 INFO  com.http.handler.RequestHandler - 收到请求：
GET /favicon.ico HTTP/1.1
Host: localhost:8089
Connection: keep-alive
User-Agent: Mozilla/5.0 (Windows NT 10.0; WOW64) AppleWebKit/537.36 (KHTML, like Gecko) Chrome/66.0.3350.0 Safari/537.36
Accept: image/webp,image/apng,image/*,*/*;q=0.8
Referer: http://localhost:8089/html/welcome.html
Accept-Encoding: gzip, deflate, br
Accept-Language: zh-CN,zh;q=0.9
Cookie: optimizelyEndUserId=oeu1506216020008r0.4545054078398614; _ga=GA1.1.1180129065.1489919936; Idea-7e4347d7=ed0e733b-8015-414b-bc82-8ac72402bfe1


请求结束
2018-03-13 13:58:26.331 INFO  com.http.handler.RequestHandler - 得到了uri /favicon.ico
2018-03-13 13:58:26.346 INFO  com.http.handler.RequestHandler - 静态资源:webapps/favicon.ico不存在或不是有效文件，显示404
2018-03-13 15:21:44.593 INFO  com.http.handler.RequestHandler - 收到请求：
GET /html/welcome.html HTTP/1.1
Host: localhost:8089
Connection: keep-alive
Cache-Control: max-age=0
Upgrade-Insecure-Requests: 1
User-Agent: Mozilla/5.0 (Windows NT 10.0; WOW64) AppleWebKit/537.36 (KHTML, like Gecko) Chrome/66.0.3350.0 Safari/537.36
Accept: text/html,application/xhtml+xml,application/xml;q=0.9,image/webp,image/apng,*/*;q=0.8
Accept-Encoding: gzip, deflate, br
Accept-Language: zh-CN,zh;q=0.9
Cookie: optimizelyEndUserId=oeu1506216020008r0.4545054078398614; _ga=GA1.1.1180129065.1489919936; Idea-7e4347d7=ed0e733b-8015-414b-bc82-8ac72402bfe1


请求结束
2018-03-13 15:21:44.598 INFO  com.http.handler.RequestHandler - 得到了uri /html/welcome.html
2018-03-13 15:21:44.621 INFO  com.http.handler.RequestHandler - 收到请求：
GET /2.jpg HTTP/1.1
Host: localhost:8089
Connection: keep-alive
User-Agent: Mozilla/5.0 (Windows NT 10.0; WOW64) AppleWebKit/537.36 (KHTML, like Gecko) Chrome/66.0.3350.0 Safari/537.36
Accept: image/webp,image/apng,image/*,*/*;q=0.8
Referer: http://localhost:8089/html/welcome.html
Accept-Encoding: gzip, deflate, br
Accept-Language: zh-CN,zh;q=0.9
Cookie: optimizelyEndUserId=oeu1506216020008r0.4545054078398614; _ga=GA1.1.1180129065.1489919936; Idea-7e4347d7=ed0e733b-8015-414b-bc82-8ac72402bfe1


请求结束
2018-03-13 15:21:44.622 INFO  com.http.handler.RequestHandler - 收到请求：
GET /picture/1.jpg HTTP/1.1
Host: localhost:8089
Connection: keep-alive
User-Agent: Mozilla/5.0 (Windows NT 10.0; WOW64) AppleWebKit/537.36 (KHTML, like Gecko) Chrome/66.0.3350.0 Safari/537.36
Accept: image/webp,image/apng,image/*,*/*;q=0.8
Referer: http://localhost:8089/html/welcome.html
Accept-Encoding: gzip, deflate, br
Accept-Language: zh-CN,zh;q=0.9
Cookie: optimizelyEndUserId=oeu1506216020008r0.4545054078398614; _ga=GA1.1.1180129065.1489919936; Idea-7e4347d7=ed0e733b-8015-414b-bc82-8ac72402bfe1


请求结束
2018-03-13 15:21:44.624 INFO  com.http.handler.RequestHandler - 得到了uri /2.jpg
2018-03-13 15:21:44.624 INFO  com.http.handler.RequestHandler - 得到了uri /picture/1.jpg
2018-03-13 15:21:53.506 INFO  com.http.handler.RequestHandler - 收到请求：
GET /html/welcome.html HTTP/1.1
Host: localhost:8089
Connection: keep-alive
Cache-Control: max-age=0
Upgrade-Insecure-Requests: 1
User-Agent: Mozilla/5.0 (Windows NT 10.0; WOW64) AppleWebKit/537.36 (KHTML, like Gecko) Chrome/66.0.3350.0 Safari/537.36
Accept: text/html,application/xhtml+xml,application/xml;q=0.9,image/webp,image/apng,*/*;q=0.8
Accept-Encoding: gzip, deflate, br
Accept-Language: zh-CN,zh;q=0.9
Cookie: optimizelyEndUserId=oeu1506216020008r0.4545054078398614; _ga=GA1.1.1180129065.1489919936; Idea-7e4347d7=ed0e733b-8015-414b-bc82-8ac72402bfe1


请求结束
2018-03-13 15:21:53.511 INFO  com.http.handler.RequestHandler - 得到了uri /html/welcome.html
2018-03-13 15:21:53.597 INFO  com.http.handler.RequestHandler - 收到请求：
GET /2.jpg HTTP/1.1
Host: localhost:8089
Connection: keep-alive
User-Agent: Mozilla/5.0 (Windows NT 10.0; WOW64) AppleWebKit/537.36 (KHTML, like Gecko) Chrome/66.0.3350.0 Safari/537.36
Accept: image/webp,image/apng,image/*,*/*;q=0.8
Referer: http://localhost:8089/html/welcome.html
Accept-Encoding: gzip, deflate, br
Accept-Language: zh-CN,zh;q=0.9
Cookie: optimizelyEndUserId=oeu1506216020008r0.4545054078398614; _ga=GA1.1.1180129065.1489919936; Idea-7e4347d7=ed0e733b-8015-414b-bc82-8ac72402bfe1


请求结束
2018-03-13 15:21:53.598 INFO  com.http.handler.RequestHandler - 收到请求：
GET /picture/1.jpg HTTP/1.1
Host: localhost:8089
Connection: keep-alive
User-Agent: Mozilla/5.0 (Windows NT 10.0; WOW64) AppleWebKit/537.36 (KHTML, like Gecko) Chrome/66.0.3350.0 Safari/537.36
Accept: image/webp,image/apng,image/*,*/*;q=0.8
Referer: http://localhost:8089/html/welcome.html
Accept-Encoding: gzip, deflate, br
Accept-Language: zh-CN,zh;q=0.9
Cookie: optimizelyEndUserId=oeu1506216020008r0.4545054078398614; _ga=GA1.1.1180129065.1489919936; Idea-7e4347d7=ed0e733b-8015-414b-bc82-8ac72402bfe1


请求结束
2018-03-13 15:21:53.602 INFO  com.http.handler.RequestHandler - 得到了uri /2.jpg
2018-03-13 15:21:53.603 INFO  com.http.handler.RequestHandler - 得到了uri /picture/1.jpg
2018-03-13 15:22:07.669 INFO  com.http.server.Server - 服务器已启动，端口号：8089
2018-03-13 15:22:08.640 INFO  com.http.handler.RequestHandler - 收到请求：
GET /html/welcome.html HTTP/1.1
Host: localhost:8089
Connection: keep-alive
Cache-Control: max-age=0
Upgrade-Insecure-Requests: 1
User-Agent: Mozilla/5.0 (Windows NT 10.0; WOW64) AppleWebKit/537.36 (KHTML, like Gecko) Chrome/66.0.3350.0 Safari/537.36
Accept: text/html,application/xhtml+xml,application/xml;q=0.9,image/webp,image/apng,*/*;q=0.8
Accept-Encoding: gzip, deflate, br
Accept-Language: zh-CN,zh;q=0.9
Cookie: optimizelyEndUserId=oeu1506216020008r0.4545054078398614; _ga=GA1.1.1180129065.1489919936; Idea-7e4347d7=ed0e733b-8015-414b-bc82-8ac72402bfe1


请求结束
2018-03-13 15:22:08.709 INFO  com.http.handler.RequestHandler - 得到了uri /html/welcome.html
2018-03-13 15:22:08.735 INFO  com.http.handler.ClassMapper - 成功添加了URI： /helloworld到servlet： HelloWorld的映射
2018-03-13 15:22:08.777 INFO  com.http.handler.RequestHandler - 收到请求：
GET /2.jpg HTTP/1.1
Host: localhost:8089
Connection: keep-alive
User-Agent: Mozilla/5.0 (Windows NT 10.0; WOW64) AppleWebKit/537.36 (KHTML, like Gecko) Chrome/66.0.3350.0 Safari/537.36
Accept: image/webp,image/apng,image/*,*/*;q=0.8
Referer: http://localhost:8089/html/welcome.html
Accept-Encoding: gzip, deflate, br
Accept-Language: zh-CN,zh;q=0.9
Cookie: optimizelyEndUserId=oeu1506216020008r0.4545054078398614; _ga=GA1.1.1180129065.1489919936; Idea-7e4347d7=ed0e733b-8015-414b-bc82-8ac72402bfe1


请求结束
2018-03-13 15:22:08.783 INFO  com.http.handler.RequestHandler - 收到请求：
GET /picture/1.jpg HTTP/1.1
Host: localhost:8089
Connection: keep-alive
User-Agent: Mozilla/5.0 (Windows NT 10.0; WOW64) AppleWebKit/537.36 (KHTML, like Gecko) Chrome/66.0.3350.0 Safari/537.36
Accept: image/webp,image/apng,image/*,*/*;q=0.8
Referer: http://localhost:8089/html/welcome.html
Accept-Encoding: gzip, deflate, br
Accept-Language: zh-CN,zh;q=0.9
Cookie: optimizelyEndUserId=oeu1506216020008r0.4545054078398614; _ga=GA1.1.1180129065.1489919936; Idea-7e4347d7=ed0e733b-8015-414b-bc82-8ac72402bfe1


请求结束
2018-03-13 15:22:08.795 INFO  com.http.handler.RequestHandler - 得到了uri /2.jpg
2018-03-13 15:22:08.796 INFO  com.http.handler.RequestHandler - 得到了uri /picture/1.jpg
2018-03-13 22:36:33.506 INFO  com.http.server.Server - 服务器已启动，端口号：8089
2018-03-13 22:36:52.356 INFO  com.http.handler.RequestHandler - 收到请求：
GET /html/welcome.html HTTP/1.1
Host: localhost:8089
Connection: keep-alive
Upgrade-Insecure-Requests: 1
User-Agent: Mozilla/5.0 (Windows NT 10.0; WOW64) AppleWebKit/537.36 (KHTML, like Gecko) Chrome/66.0.3350.0 Safari/537.36
Accept: text/html,application/xhtml+xml,application/xml;q=0.9,image/webp,image/apng,*/*;q=0.8
Accept-Encoding: gzip, deflate, br
Accept-Language: zh-CN,zh;q=0.9
Cookie: optimizelyEndUserId=oeu1506216020008r0.4545054078398614; _ga=GA1.1.1180129065.1489919936; Idea-7e4347d7=ed0e733b-8015-414b-bc82-8ac72402bfe1


请求结束
2018-03-13 22:37:25.566 INFO  com.http.handler.RequestHandler - 收到请求：
GET /helloworld HTTP/1.1
Host: localhost:8089
Connection: keep-alive
Upgrade-Insecure-Requests: 1
User-Agent: Mozilla/5.0 (Windows NT 10.0; WOW64) AppleWebKit/537.36 (KHTML, like Gecko) Chrome/66.0.3350.0 Safari/537.36
Accept: text/html,application/xhtml+xml,application/xml;q=0.9,image/webp,image/apng,*/*;q=0.8
Accept-Encoding: gzip, deflate, br
Accept-Language: zh-CN,zh;q=0.9
Cookie: optimizelyEndUserId=oeu1506216020008r0.4545054078398614; _ga=GA1.1.1180129065.1489919936; Idea-7e4347d7=ed0e733b-8015-414b-bc82-8ac72402bfe1


请求结束
2018-03-13 22:37:49.075 INFO  com.http.handler.RequestHandler - 收到请求：
GET /html/welcome.html HTTP/1.1
Host: localhost:8089
Connection: keep-alive
Upgrade-Insecure-Requests: 1
User-Agent: Mozilla/5.0 (Windows NT 10.0; WOW64) AppleWebKit/537.36 (KHTML, like Gecko) Chrome/66.0.3350.0 Safari/537.36
Accept: text/html,application/xhtml+xml,application/xml;q=0.9,image/webp,image/apng,*/*;q=0.8
Accept-Encoding: gzip, deflate, br
Accept-Language: zh-CN,zh;q=0.9
Cookie: optimizelyEndUserId=oeu1506216020008r0.4545054078398614; _ga=GA1.1.1180129065.1489919936; Idea-7e4347d7=ed0e733b-8015-414b-bc82-8ac72402bfe1


请求结束
2018-03-13 22:41:01.622 INFO  com.http.server.Server - 服务器已启动，端口号：8089
2018-03-13 22:41:01.798 INFO  com.http.handler.RequestHandler - 收到请求：
GET /html/welcome.html HTTP/1.1
Host: localhost:8089
Connection: keep-alive
Cache-Control: max-age=0
Upgrade-Insecure-Requests: 1
User-Agent: Mozilla/5.0 (Windows NT 10.0; WOW64) AppleWebKit/537.36 (KHTML, like Gecko) Chrome/66.0.3350.0 Safari/537.36
Accept: text/html,application/xhtml+xml,application/xml;q=0.9,image/webp,image/apng,*/*;q=0.8
Accept-Encoding: gzip, deflate, br
Accept-Language: zh-CN,zh;q=0.9
Cookie: optimizelyEndUserId=oeu1506216020008r0.4545054078398614; _ga=GA1.1.1180129065.1489919936


请求结束
2018-03-13 22:42:56.889 INFO  com.http.server.Server - 服务器已启动，端口号：8089
2018-03-13 22:43:01.126 INFO  com.http.handler.RequestHandler - 收到请求：
GET /html/welcome.html HTTP/1.1
Host: localhost:8089
Connection: keep-alive
Cache-Control: max-age=0
Upgrade-Insecure-Requests: 1
User-Agent: Mozilla/5.0 (Windows NT 10.0; WOW64) AppleWebKit/537.36 (KHTML, like Gecko) Chrome/66.0.3350.0 Safari/537.36
Accept: text/html,application/xhtml+xml,application/xml;q=0.9,image/webp,image/apng,*/*;q=0.8
Accept-Encoding: gzip, deflate, br
Accept-Language: zh-CN,zh;q=0.9
Cookie: optimizelyEndUserId=oeu1506216020008r0.4545054078398614; _ga=GA1.1.1180129065.1489919936; Idea-7e4347d7=ed0e733b-8015-414b-bc82-8ac72402bfe1


请求结束
2018-03-13 22:46:23.883 INFO  com.http.server.Server - 服务器已启动，端口号：8089
2018-03-13 22:46:30.360 INFO  com.http.handler.RequestHandler - 收到请求：
GET /html/welcome.html HTTP/1.1
Host: localhost:8089
Connection: keep-alive
Cache-Control: max-age=0
Upgrade-Insecure-Requests: 1
User-Agent: Mozilla/5.0 (Windows NT 10.0; WOW64) AppleWebKit/537.36 (KHTML, like Gecko) Chrome/66.0.3350.0 Safari/537.36
Accept: text/html,application/xhtml+xml,application/xml;q=0.9,image/webp,image/apng,*/*;q=0.8
Accept-Encoding: gzip, deflate, br
Accept-Language: zh-CN,zh;q=0.9
Cookie: optimizelyEndUserId=oeu1506216020008r0.4545054078398614; _ga=GA1.1.1180129065.1489919936; Idea-7e4347d7=ed0e733b-8015-414b-bc82-8ac72402bfe1


请求结束
2018-03-13 22:46:30.517 INFO  com.http.handler.RequestHandler - 得到了uri /html/welcome.html
2018-03-13 22:46:30.605 INFO  com.http.handler.ClassMapper - 成功添加了URI： /helloworld到servlet： HelloWorld的映射
2018-03-13 22:46:30.655 INFO  com.http.handler.RequestHandler - 收到请求：
GET /2.jpg HTTP/1.1
Host: localhost:8089
Connection: keep-alive
User-Agent: Mozilla/5.0 (Windows NT 10.0; WOW64) AppleWebKit/537.36 (KHTML, like Gecko) Chrome/66.0.3350.0 Safari/537.36
Accept: image/webp,image/apng,image/*,*/*;q=0.8
Referer: http://localhost:8089/html/welcome.html
Accept-Encoding: gzip, deflate, br
Accept-Language: zh-CN,zh;q=0.9
Cookie: optimizelyEndUserId=oeu1506216020008r0.4545054078398614; _ga=GA1.1.1180129065.1489919936; Idea-7e4347d7=ed0e733b-8015-414b-bc82-8ac72402bfe1


请求结束
2018-03-13 22:46:30.657 INFO  com.http.handler.RequestHandler - 收到请求：
GET /picture/1.jpg HTTP/1.1
Host: localhost:8089
Connection: keep-alive
User-Agent: Mozilla/5.0 (Windows NT 10.0; WOW64) AppleWebKit/537.36 (KHTML, like Gecko) Chrome/66.0.3350.0 Safari/537.36
Accept: image/webp,image/apng,image/*,*/*;q=0.8
Referer: http://localhost:8089/html/welcome.html
Accept-Encoding: gzip, deflate, br
Accept-Language: zh-CN,zh;q=0.9
Cookie: optimizelyEndUserId=oeu1506216020008r0.4545054078398614; _ga=GA1.1.1180129065.1489919936; Idea-7e4347d7=ed0e733b-8015-414b-bc82-8ac72402bfe1


请求结束
2018-03-13 22:46:30.669 INFO  com.http.handler.RequestHandler - 得到了uri /2.jpg
2018-03-13 22:46:30.670 INFO  com.http.handler.RequestHandler - 得到了uri /picture/1.jpg
2018-03-13 22:46:30.816 INFO  com.http.handler.RequestHandler - 收到请求：
GET /favicon.ico HTTP/1.1
Host: localhost:8089
Connection: keep-alive
User-Agent: Mozilla/5.0 (Windows NT 10.0; WOW64) AppleWebKit/537.36 (KHTML, like Gecko) Chrome/66.0.3350.0 Safari/537.36
Accept: image/webp,image/apng,image/*,*/*;q=0.8
Referer: http://localhost:8089/html/welcome.html
Accept-Encoding: gzip, deflate, br
Accept-Language: zh-CN,zh;q=0.9
Cookie: optimizelyEndUserId=oeu1506216020008r0.4545054078398614; _ga=GA1.1.1180129065.1489919936; Idea-7e4347d7=ed0e733b-8015-414b-bc82-8ac72402bfe1


请求结束
2018-03-13 22:46:30.822 INFO  com.http.handler.RequestHandler - 得到了uri /favicon.ico
2018-03-13 22:46:30.825 INFO  com.http.handler.RequestHandler - 静态资源:webapps/favicon.ico不存在或不是有效文件，显示404
2018-03-13 22:46:36.868 INFO  com.http.handler.RequestHandler - 收到请求：
GET /helloworld HTTP/1.1
Host: localhost:8089
Connection: keep-alive
Upgrade-Insecure-Requests: 1
User-Agent: Mozilla/5.0 (Windows NT 10.0; WOW64) AppleWebKit/537.36 (KHTML, like Gecko) Chrome/66.0.3350.0 Safari/537.36
Accept: text/html,application/xhtml+xml,application/xml;q=0.9,image/webp,image/apng,*/*;q=0.8
Accept-Encoding: gzip, deflate, br
Accept-Language: zh-CN,zh;q=0.9
Cookie: optimizelyEndUserId=oeu1506216020008r0.4545054078398614; _ga=GA1.1.1180129065.1489919936; Idea-7e4347d7=ed0e733b-8015-414b-bc82-8ac72402bfe1


请求结束
2018-03-13 22:46:36.872 INFO  com.http.handler.RequestHandler - 得到了uri /helloworld
2018-03-13 22:46:36.891 INFO  com.http.ServletProxy - servlet响应已写出
